[2022-04-26T00:13:06.858] [INFO] access - ::1 - - "GET /order/list HTTP/1.1" 200 542 "" "PostmanRuntime/7.26.8"
[2022-04-26T00:20:13.796] [INFO] access - ::1 - - "GET /order/list HTTP/1.1" 200 542 "" "PostmanRuntime/7.26.8"
[2022-04-26T00:36:25.621] [INFO] access - ::1 - - "POST /order/list HTTP/1.1" 404 - "" "PostmanRuntime/7.26.8"
[2022-04-26T00:36:32.452] [INFO] access - ::1 - - "POST /order HTTP/1.1" 200 229 "" "PostmanRuntime/7.26.8"
[2022-04-26T00:39:26.019] [INFO] access - ::1 - - "POST /order HTTP/1.1" 200 229 "" "PostmanRuntime/7.26.8"
[2022-04-26T00:39:45.146] [INFO] access - ::1 - - "POST /order HTTP/1.1" 200 229 "" "PostmanRuntime/7.26.8"
[2022-04-26T00:40:36.989] [INFO] access - ::1 - - "POST /order HTTP/1.1" 200 229 "" "PostmanRuntime/7.26.8"
[2022-04-26T00:41:19.633] [INFO] access - ::1 - - "POST /order HTTP/1.1" 200 229 "" "PostmanRuntime/7.26.8"
[2022-04-26T00:42:14.568] [INFO] access - ::1 - - "POST /order HTTP/1.1" 200 870 "" "PostmanRuntime/7.26.8"
[2022-04-26T00:42:29.773] [INFO] access - ::1 - - "POST /order HTTP/1.1" 200 870 "" "PostmanRuntime/7.26.8"
[2022-04-26T00:43:04.890] [INFO] access - ::1 - - "POST /order HTTP/1.1" 200 870 "" "PostmanRuntime/7.26.8"
[2022-04-26T00:43:15.930] [INFO] access - ::1 - - "POST /order HTTP/1.1" 200 870 "" "PostmanRuntime/7.26.8"
[2022-04-26T00:43:17.404] [INFO] access - ::1 - - "POST /order HTTP/1.1" 200 870 "" "PostmanRuntime/7.26.8"
[2022-04-26T00:43:18.215] [INFO] access - ::1 - - "POST /order HTTP/1.1" 200 870 "" "PostmanRuntime/7.26.8"
[2022-04-26T00:43:18.927] [INFO] access - ::1 - - "POST /order HTTP/1.1" 200 870 "" "PostmanRuntime/7.26.8"
[2022-04-26T00:43:19.466] [INFO] access - ::1 - - "POST /order HTTP/1.1" 200 870 "" "PostmanRuntime/7.26.8"
[2022-04-26T00:43:19.985] [INFO] access - ::1 - - "POST /order HTTP/1.1" 200 870 "" "PostmanRuntime/7.26.8"
[2022-04-26T00:43:20.498] [INFO] access - ::1 - - "POST /order HTTP/1.1" 200 870 "" "PostmanRuntime/7.26.8"
[2022-04-26T00:43:20.948] [INFO] access - ::1 - - "POST /order HTTP/1.1" 200 870 "" "PostmanRuntime/7.26.8"
[2022-04-26T00:43:21.394] [INFO] access - ::1 - - "POST /order HTTP/1.1" 200 870 "" "PostmanRuntime/7.26.8"
[2022-04-26T00:43:21.797] [INFO] access - ::1 - - "POST /order HTTP/1.1" 200 870 "" "PostmanRuntime/7.26.8"
[2022-04-26T00:43:22.157] [INFO] access - ::1 - - "POST /order HTTP/1.1" 200 870 "" "PostmanRuntime/7.26.8"
[2022-04-26T00:43:22.602] [INFO] access - ::1 - - "POST /order HTTP/1.1" 200 870 "" "PostmanRuntime/7.26.8"
[2022-04-26T00:43:22.908] [INFO] access - ::1 - - "POST /order HTTP/1.1" 200 870 "" "PostmanRuntime/7.26.8"
[2022-04-26T00:43:23.229] [INFO] access - ::1 - - "POST /order HTTP/1.1" 200 870 "" "PostmanRuntime/7.26.8"
[2022-04-26T00:43:23.566] [INFO] access - ::1 - - "POST /order HTTP/1.1" 200 870 "" "PostmanRuntime/7.26.8"
[2022-04-26T00:43:24.945] [INFO] access - ::1 - - "POST /order HTTP/1.1" 200 870 "" "PostmanRuntime/7.26.8"
[2022-04-26T00:43:26.210] [INFO] access - ::1 - - "POST /order HTTP/1.1" 200 870 "" "PostmanRuntime/7.26.8"
[2022-04-26T00:49:13.612] [INFO] access - ::1 - - "POST /order HTTP/1.1" 200 55 "" "PostmanRuntime/7.26.8"
[2022-04-26T00:49:25.008] [INFO] access - ::1 - - "POST /order HTTP/1.1" 200 870 "" "PostmanRuntime/7.26.8"
[2022-04-26T00:50:55.288] [INFO] access - ::1 - - "POST /order HTTP/1.1" 200 870 "" "PostmanRuntime/7.26.8"
[2022-04-26T00:51:32.912] [INFO] access - ::1 - - "POST /order HTTP/1.1" 200 870 "" "PostmanRuntime/7.26.8"
[2022-04-26T00:52:45.030] [INFO] access - ::1 - - "POST /order HTTP/1.1" 200 230 "" "PostmanRuntime/7.26.8"
[2022-04-26T01:00:27.366] [INFO] access - ::1 - - "POST /order HTTP/1.1" 200 230 "" "PostmanRuntime/7.26.8"
[2022-04-26T01:04:04.628] [INFO] access - ::1 - - "POST /order HTTP/1.1" 200 230 "" "PostmanRuntime/7.26.8"
[2022-04-26T01:05:24.281] [INFO] access - ::1 - - "POST /order HTTP/1.1" 200 1570 "" "PostmanRuntime/7.26.8"
[2022-04-26T01:05:44.567] [INFO] access - ::1 - - "POST /order HTTP/1.1" 200 1570 "" "PostmanRuntime/7.26.8"
[2022-04-26T01:06:16.039] [INFO] access - ::1 - - "POST /order HTTP/1.1" 200 270 "" "PostmanRuntime/7.26.8"
[2022-04-26T01:07:04.481] [INFO] access - ::1 - - "POST /order HTTP/1.1" 200 1570 "" "PostmanRuntime/7.26.8"
[2022-04-26T01:08:36.412] [INFO] access - ::1 - - "POST /order HTTP/1.1" 200 272 "" "PostmanRuntime/7.26.8"
[2022-04-26T01:10:49.883] [INFO] access - ::1 - - "POST /order HTTP/1.1" 200 272 "" "PostmanRuntime/7.26.8"
[2022-04-26T01:11:20.443] [INFO] access - ::1 - - "POST /order HTTP/1.1" 200 270 "" "PostmanRuntime/7.26.8"
[2022-04-26T01:12:38.566] [INFO] access - ::1 - - "POST /order HTTP/1.1" 200 31 "" "PostmanRuntime/7.26.8"
[2022-04-26T01:12:43.965] [INFO] access - ::1 - - "POST /order HTTP/1.1" 200 31 "" "PostmanRuntime/7.26.8"
[2022-04-26T01:13:10.900] [INFO] access - ::1 - - "POST /order HTTP/1.1" 200 270 "" "PostmanRuntime/7.26.8"
[2022-04-26T01:15:36.213] [INFO] access - ::1 - - "POST /order HTTP/1.1" 200 270 "" "PostmanRuntime/7.26.8"
[2022-04-26T01:19:43.705] [INFO] access - ::1 - - "POST /order HTTP/1.1" 200 270 "" "PostmanRuntime/7.26.8"
[2022-04-26T01:20:56.642] [INFO] access - ::1 - - "POST /order HTTP/1.1" 200 31 "" "PostmanRuntime/7.26.8"
[2022-04-26T01:21:36.527] [INFO] access - ::1 - - "POST /order HTTP/1.1" 200 31 "" "PostmanRuntime/7.26.8"
[2022-04-26T01:21:59.360] [INFO] access - ::1 - - "POST /order HTTP/1.1" 200 31 "" "PostmanRuntime/7.26.8"
[2022-04-26T01:22:11.337] [INFO] access - ::1 - - "POST /order HTTP/1.1" 200 31 "" "PostmanRuntime/7.26.8"
[2022-04-26T01:22:45.977] [INFO] access - ::1 - - "POST /order HTTP/1.1" 200 270 "" "PostmanRuntime/7.26.8"
[2022-04-26T01:22:56.943] [INFO] access - ::1 - - "POST /order HTTP/1.1" 200 270 "" "PostmanRuntime/7.26.8"
[2022-04-26T01:23:31.152] [INFO] access - ::1 - - "POST /order HTTP/1.1" 200 31 "" "PostmanRuntime/7.26.8"
[2022-04-26T01:24:06.021] [INFO] access - ::1 - - "POST /order HTTP/1.1" 200 270 "" "PostmanRuntime/7.26.8"
[2022-04-26T01:24:44.589] [INFO] access - ::1 - - "POST /order HTTP/1.1" 200 270 "" "PostmanRuntime/7.26.8"
[2022-04-26T01:27:23.885] [INFO] access - ::1 - - "POST /order HTTP/1.1" 200 270 "" "PostmanRuntime/7.26.8"
[2022-04-26T01:29:10.869] [INFO] access - ::1 - - "POST /order HTTP/1.1" 200 31 "" "PostmanRuntime/7.26.8"
[2022-04-26T01:29:27.088] [INFO] access - ::1 - - "POST /order HTTP/1.1" 200 270 "" "PostmanRuntime/7.26.8"
[2022-04-26T01:30:12.359] [INFO] access - ::1 - - "POST /order HTTP/1.1" 200 31 "" "PostmanRuntime/7.26.8"
[2022-04-26T01:30:44.461] [INFO] access - ::1 - - "POST /order HTTP/1.1" 200 31 "" "PostmanRuntime/7.26.8"
[2022-04-26T01:32:55.577] [INFO] access - ::1 - - "POST /order HTTP/1.1" 200 270 "" "PostmanRuntime/7.26.8"
[2022-04-26T01:33:28.059] [INFO] access - ::1 - - "POST /order HTTP/1.1" 200 270 "" "PostmanRuntime/7.26.8"
[2022-04-26T01:34:50.718] [INFO] access - ::1 - - "POST /order HTTP/1.1" 200 270 "" "PostmanRuntime/7.26.8"
[2022-04-26T01:39:47.603] [INFO] access - ::1 - - "POST /order HTTP/1.1" 200 319 "" "PostmanRuntime/7.26.8"
[2022-04-26T01:41:08.674] [INFO] access - ::1 - - "POST /order HTTP/1.1" 200 319 "" "PostmanRuntime/7.26.8"
[2022-04-26T01:42:34.595] [INFO] access - ::1 - - "POST /order HTTP/1.1" 200 319 "" "PostmanRuntime/7.26.8"
[2022-04-26T01:43:19.735] [INFO] access - ::1 - - "POST /order HTTP/1.1" 200 319 "" "PostmanRuntime/7.26.8"
[2022-04-26T01:43:47.498] [INFO] access - ::1 - - "POST /order HTTP/1.1" 200 319 "" "PostmanRuntime/7.26.8"
[2022-04-26T01:44:15.820] [INFO] access - ::1 - - "POST /order HTTP/1.1" 200 31 "" "PostmanRuntime/7.26.8"
[2022-04-26T01:44:17.420] [INFO] access - ::1 - - "POST /order HTTP/1.1" 200 31 "" "PostmanRuntime/7.26.8"
[2022-04-26T01:46:17.849] [INFO] access - ::1 - - "POST /order HTTP/1.1" 200 319 "" "PostmanRuntime/7.26.8"
[2022-04-26T01:46:53.166] [INFO] access - ::1 - - "POST /order HTTP/1.1" 200 319 "" "PostmanRuntime/7.26.8"
[2022-04-26T01:48:33.628] [INFO] access - ::1 - - "POST /order HTTP/1.1" 200 319 "" "PostmanRuntime/7.26.8"
[2022-04-26T01:49:21.573] [INFO] access - ::1 - - "POST /order HTTP/1.1" 200 319 "" "PostmanRuntime/7.26.8"
[2022-04-26T01:49:53.737] [INFO] access - ::1 - - "POST /order HTTP/1.1" 200 319 "" "PostmanRuntime/7.26.8"
[2022-04-26T01:56:39.657] [INFO] access - ::1 - - "POST /order HTTP/1.1" 200 275 "" "PostmanRuntime/7.26.8"
[2022-04-26T02:01:12.691] [INFO] access - ::1 - - "POST /order HTTP/1.1" 200 275 "" "PostmanRuntime/7.26.8"
[2022-04-26T15:36:07.518] [INFO] access - ::1 - - "POST /account/list HTTP/1.1" 404 - "" "PostmanRuntime/7.26.8"
[2022-04-26T15:36:14.520] [INFO] access - ::1 - - "GET /account/list HTTP/1.1" 200 2235 "" "PostmanRuntime/7.26.8"
[2022-04-26T15:36:22.152] [INFO] access - ::1 - - "GET /account/list?pageSize=10&page=1 HTTP/1.1" 200 2235 "" "PostmanRuntime/7.26.8"
[2022-04-26T15:49:00.742] [INFO] access - ::1 - - "GET /account/ HTTP/1.1" 200 44 "" "PostmanRuntime/7.26.8"
[2022-04-26T15:49:14.765] [INFO] access - ::1 - - "GET /account/?id=2 HTTP/1.1" 200 42 "" "PostmanRuntime/7.26.8"
[2022-04-26T15:49:22.004] [INFO] access - ::1 - - "GET /account/?id=3 HTTP/1.1" 200 184 "" "PostmanRuntime/7.26.8"
[2022-04-26T15:51:10.950] [INFO] access - ::1 - - "GET /account/?id=2 HTTP/1.1" 200 42 "" "PostmanRuntime/7.26.8"
[2022-04-26T19:33:54.558] [INFO] access - ::1 - - "GET /account/list HTTP/1.1" 200 2235 "" "PostmanRuntime/7.26.8"
[2022-04-26T19:34:32.641] [INFO] access - ::1 - - "GET /account/list?pageSize=10&page=1 HTTP/1.1" 200 2235 "" "PostmanRuntime/7.26.8"
[2022-04-26T19:36:31.793] [INFO] access - ::1 - - "GET /account/?id=3 HTTP/1.1" 200 184 "" "PostmanRuntime/7.26.8"
[2022-04-26T19:39:59.358] [INFO] access - ::1 - - "POST /account/ HTTP/1.1" 200 260 "" "PostmanRuntime/7.26.8"
[2022-04-26T20:07:44.867] [INFO] access - ::1 - - "POST /order HTTP/1.1" 200 272 "" "PostmanRuntime/7.26.8"
[2022-04-26T20:31:20.639] [INFO] access - ::1 - - "POST /deal HTTP/1.1" 200 251 "" "PostmanRuntime/7.26.8"
[2022-04-26T20:32:37.239] [INFO] access - ::1 - - "POST /deal HTTP/1.1" 200 251 "" "PostmanRuntime/7.26.8"
[2022-04-26T20:32:57.555] [INFO] access - ::1 - - "POST /deal HTTP/1.1" 200 251 "" "PostmanRuntime/7.26.8"
[2022-04-26T20:33:50.423] [INFO] access - ::1 - - "POST /deal HTTP/1.1" 200 251 "" "PostmanRuntime/7.26.8"
[2022-04-26T20:34:45.980] [INFO] access - ::1 - - "POST /deal HTTP/1.1" 200 251 "" "PostmanRuntime/7.26.8"
[2022-04-26T20:34:58.122] [INFO] access - ::1 - - "POST /deal HTTP/1.1" 200 251 "" "PostmanRuntime/7.26.8"
[2022-04-26T20:36:07.239] [INFO] access - ::1 - - "POST /deal HTTP/1.1" 200 31 "" "PostmanRuntime/7.26.8"
[2022-04-26T20:36:32.566] [INFO] access - ::1 - - "POST /deal HTTP/1.1" 200 31 "" "PostmanRuntime/7.26.8"
[2022-04-26T20:36:53.575] [INFO] access - ::1 - - "POST /deal HTTP/1.1" 200 31 "" "PostmanRuntime/7.26.8"
[2022-04-26T20:37:56.759] [INFO] access - ::1 - - "POST /deal HTTP/1.1" 200 31 "" "PostmanRuntime/7.26.8"
[2022-04-26T20:38:16.606] [INFO] access - ::1 - - "POST /deal HTTP/1.1" 200 31 "" "PostmanRuntime/7.26.8"
[2022-04-26T20:39:11.438] [INFO] access - ::1 - - "POST /deal HTTP/1.1" 200 31 "" "PostmanRuntime/7.26.8"
[2022-04-26T20:40:09.206] [INFO] access - ::1 - - "POST /deal HTTP/1.1" 200 250 "" "PostmanRuntime/7.26.8"
[2022-04-26T20:41:02.299] [INFO] access - ::1 - - "POST /deal HTTP/1.1" 200 250 "" "PostmanRuntime/7.26.8"
[2022-04-26T20:49:05.063] [INFO] access - ::1 - - "POST /order HTTP/1.1" 200 272 "" "PostmanRuntime/7.26.8"
[2022-04-26T20:49:27.677] [INFO] access - ::1 - - "POST /order HTTP/1.1" 200 319 "" "PostmanRuntime/7.26.8"
[2022-04-26T20:49:46.626] [INFO] access - ::1 - - "POST /order HTTP/1.1" 200 272 "" "PostmanRuntime/7.26.8"
[2022-04-26T20:51:01.164] [INFO] access - ::1 - - "POST /order HTTP/1.1" 200 319 "" "PostmanRuntime/7.26.8"
[2022-04-26T20:51:55.976] [INFO] access - ::1 - - "GET /account/list?pageSize=10&page=1 HTTP/1.1" 200 2235 "" "PostmanRuntime/7.26.8"
[2022-04-26T20:58:12.311] [INFO] access - ::1 - - "GET /account/list?pageSize=2&page=1 HTTP/1.1" 200 471 "" "PostmanRuntime/7.26.8"
[2022-04-26T21:01:10.367] [INFO] access - ::1 - - "POST /order HTTP/1.1" 200 319 "" "PostmanRuntime/7.26.8"
[2022-04-26T21:01:15.835] [INFO] access - ::1 - - "POST /order HTTP/1.1" 200 319 "" "PostmanRuntime/7.26.8"
[2022-04-26T21:02:06.935] [INFO] access - ::1 - - "GET /account/?id=3 HTTP/1.1" 200 184 "" "PostmanRuntime/7.26.8"
[2022-04-26T21:04:22.267] [INFO] access - ::1 - - "GET /account/?id=3 HTTP/1.1" 200 184 "" "PostmanRuntime/7.26.8"
[2022-04-26T21:04:33.938] [INFO] access - ::1 - - "GET /account/?id=3 HTTP/1.1" 200 184 "" "PostmanRuntime/7.26.8"
[2022-04-26T21:13:12.294] [INFO] access - ::1 - - "POST /order HTTP/1.1" 200 320 "" "PostmanRuntime/7.26.8"
[2022-04-26T21:13:17.743] [INFO] access - ::1 - - "PUT /order HTTP/1.1" 200 323 "" "PostmanRuntime/7.26.8"
[2022-04-26T21:17:25.561] [INFO] access - ::1 - - "POST /order HTTP/1.1" 200 1989 "" "PostmanRuntime/7.26.8"
[2022-04-26T21:17:39.512] [INFO] access - ::1 - - "POST /order HTTP/1.1" 200 1989 "" "PostmanRuntime/7.26.8"
[2022-04-26T21:17:49.885] [INFO] access - ::1 - - "POST /order HTTP/1.1" 200 319 "" "PostmanRuntime/7.26.8"
[2022-04-26T21:18:41.570] [INFO] access - ::1 - - "DELETE /order/?id=71 HTTP/1.1" 200 45 "" "PostmanRuntime/7.26.8"
[2022-04-26T21:18:57.425] [INFO] access - ::1 - - "DELETE /order/ HTTP/1.1" 200 45 "" "PostmanRuntime/7.26.8"
[2022-04-26T21:19:02.651] [INFO] access - ::1 - - "DELETE /order/ HTTP/1.1" 200 55 "" "PostmanRuntime/7.26.8"
[2022-04-26T21:19:07.142] [INFO] access - ::1 - - "DELETE /order/ HTTP/1.1" 200 56 "" "PostmanRuntime/7.26.8"
